<?xml version="1.0" encoding="UTF-8" ?>
<testsuites errors="0"
            failures="1"
            tests="1">

  <testsuite name="duck-duck-go"
    errors="0" failures="1" hostname="" id="" package="duck-duck-go" skipped="0"
    tests="1" time="10.29" timestamp="">
  
    <testcase name="Demo test DuckDuckGo search" classname="duck-duck-go" time="10.29" assertions="4">

    

    

      <failure message="Testing if element &lt;#web_content_wrapper&gt; contains text: &#34;Nightwatch.js&#34; in 1000 ms. - expected [0;32m&#34;Nightwatch.js&#34;[0m but got: [0;31m&#34;

All RegionsSafe Search: ModerateAny Time


&#34;[0m">    at Object.Demo test DuckDuckGo search (D:\AutomationNodeJs\Nightwatch\Assignments\assignment1\tests\duck-duck-go.js:11:17)
    at process._tickCallback (internal/process/next_tick.js:68:7)</failure>

    <failure message="    at Object.Demo test DuckDuckGo search (D:\AutomationNodeJs\Nightwatch\Assignments\assignment1\tests\duck-duck-go.js:11:17)">    at process._tickCallback (internal/process/next_tick.js:68:7)</failure>
    </testcase>
  

  

  
  </testsuite>
</testsuites>
